{
  "cells": [
    {
      "cell_type": "markdown",
      "id": "19b43aee-c23f-4ef7-8547-9c309b2dbecb",
      "metadata": {},
      "source": [
        "# Projeto de Bases de Dados - Parte 2\n",
        "\n",
        "### Docentes Responsáveis\n",
        "Prof. Flávio Martins \\\n",
        "Prof. João Caldeira\n",
        "\n",
        "### Grupo 11\n",
        "<dl>\n",
        "    <dt>20 horas (33.3%)</dt>\n",
        "    <dd>ist1102637 Gabriel Silva</dd>\n",
        "    <dt>20 horas (33.3%)</dt>\n",
        "    <dd>ist1106245 Guilherme Silva</dd>\n",
        "    <dt>20 horas (33.3%)</dt>\n",
        "    <dd>ist1105994 Jorge Mendes</dd>\n",
        "<dl>"
      ]
    },
    {
      "cell_type": "code",
      "execution_count": null,
      "id": "a6545a02-adea-4c57-b704-cfa1f6253e4b",
      "metadata": {
        "tags": []
      },
      "outputs": [],
      "source": [
        "%load_ext sql\n",
        "%config SqlMagic.displaycon = 0\n",
        "%config SqlMagic.displaylimit = 100\n",
        "%sql postgresql+psycopg://postgres:postgres@localhost/postgres"
      ]
    },
    {
      "cell_type": "markdown",
      "id": "76eab1e8-8d6a-41e3-b242-553a7f14ba84",
      "metadata": {
        "tags": []
      },
      "source": [
        "## 0. Carregamento da Base de Dados\n",
        "\n",
        "Crie a base de dados “Saude” no PostgreSQL e execute os comandos para criação das tabelas desta base de dados apresentados de seguida"
      ]
    },
    {
      "cell_type": "code",
      "execution_count": null,
      "id": "c718077c-5193-47a0-bb76-8f1f43a713be",
      "metadata": {
        "vscode": {
          "languageId": "sql"
        }
      },
      "outputs": [],
      "source": [
        "%%sql\n",
        "\n",
        "DROP TABLE IF EXISTS clinica CASCADE;\n",
        "DROP TABLE IF EXISTS enfermeiro CASCADE;\n",
        "DROP TABLE IF EXISTS medico CASCADE;\n",
        "DROP TABLE IF EXISTS trabalha CASCADE;\n",
        "DROP TABLE IF EXISTS paciente CASCADE;\n",
        "DROP TABLE IF EXISTS receita CASCADE;\n",
        "DROP TABLE IF EXISTS consulta CASCADE;\n",
        "DROP TABLE IF EXISTS observacao CASCADE;\n",
        "\n",
        "CREATE TABLE clinica(\n",
        "\tnome VARCHAR(80) PRIMARY KEY,\n",
        "\ttelefone VARCHAR(15) UNIQUE NOT NULL CHECK (telefone ~ '^[0-9]+$'),\n",
        "\tmorada VARCHAR(255) UNIQUE NOT NULL\n",
        ");\n",
        "\n",
        "CREATE TABLE enfermeiro(\n",
        "\tnif CHAR(9) PRIMARY KEY CHECK (nif ~ '^[0-9]+$'),\n",
        "\tnome VARCHAR(80) UNIQUE NOT NULL,\n",
        "\ttelefone VARCHAR(15) NOT NULL CHECK (telefone ~ '^[0-9]+$'),\n",
        "\tmorada VARCHAR(255) NOT NULL,\n",
        "\tnome_clinica VARCHAR(80) NOT NULL REFERENCES clinica (nome)\n",
        ");\n",
        "\n",
        "CREATE TABLE medico(\n",
        "\tnif CHAR(9) PRIMARY KEY CHECK (nif ~ '^[0-9]+$'),\n",
        "\tnome VARCHAR(80) UNIQUE NOT NULL,\n",
        "\ttelefone VARCHAR(15) NOT NULL CHECK (telefone ~ '^[0-9]+$'),\n",
        "\tmorada VARCHAR(255) NOT NULL,\n",
        "\tespecialidade VARCHAR(80) NOT NULL\n",
        ");\n",
        "\n",
        "CREATE TABLE trabalha(\n",
        "nif CHAR(9) NOT NULL REFERENCES medico,\n",
        "nome VARCHAR(80) NOT NULL REFERENCES clinica,\n",
        "dia_da_semana SMALLINT,\n",
        "PRIMARY KEY (nif, dia_da_semana)\n",
        ");\n",
        "\n",
        "CREATE TABLE paciente(\n",
        "\tssn CHAR(11) PRIMARY KEY CHECK (ssn ~ '^[0-9]+$'),\n",
        "nif CHAR(9) UNIQUE NOT NULL CHECK (nif ~ '^[0-9]+$'),\n",
        "\tnome VARCHAR(80) NOT NULL,\n",
        "\ttelefone VARCHAR(15) NOT NULL CHECK (telefone ~ '^[0-9]+$'),\n",
        "\tmorada VARCHAR(255) NOT NULL,\n",
        "\tdata_nasc DATE NOT NULL\n",
        ");\n",
        "\n",
        "CREATE TABLE consulta(\n",
        "\tid SERIAL PRIMARY KEY,\n",
        "\tssn CHAR(11) NOT NULL REFERENCES paciente,\n",
        "\tnif CHAR(9) NOT NULL REFERENCES medico,\n",
        "\tnome VARCHAR(80) NOT NULL REFERENCES clinica,\n",
        "\tdata DATE NOT NULL,\n",
        "\thora TIME NOT NULL,\n",
        "\tcodigo_sns CHAR(12) UNIQUE CHECK (codigo_sns ~ '^[0-9]+$'),\n",
        "\tUNIQUE(ssn, data, hora),\n",
        "\tUNIQUE(nif, data, hora)\n",
        ");\n",
        "\n",
        "CREATE TABLE receita(\n",
        "\tcodigo_sns VARCHAR(12) NOT NULL REFERENCES consulta (codigo_sns),\n",
        "\tmedicamento VARCHAR(155) NOT NULL,\n",
        "\tquantidade SMALLINT NOT NULL CHECK (quantidade > 0),\n",
        "\tPRIMARY KEY (codigo_sns, medicamento)\n",
        ");\n",
        "\n",
        "CREATE TABLE observacao(\n",
        "\tid INTEGER NOT NULL REFERENCES consulta,\n",
        "\tparametro VARCHAR(155) NOT NULL,\n",
        "\tvalor FLOAT,\n",
        "PRIMARY KEY (id, parametro)\n",
        ");"
      ]
    },
    {
      "cell_type": "markdown",
      "id": "13f4c590",
      "metadata": {},
      "source": [
        "## Criação da tabela auxiliar com os horários de 2024\n",
        "Criação da tabela acessória \"horario\" que possui os horários possíveis a consultas em 2024 (para uso no exercício 3). Esta criação também se encontra no \"populate.sql\"."
      ]
    },
    {
      "cell_type": "code",
      "execution_count": null,
      "id": "c68583f4",
      "metadata": {
        "vscode": {
          "languageId": "sql"
        }
      },
      "outputs": [],
      "source": [
        "%%sql\n",
        "\n",
        "DROP TABLE IF EXISTS horario;\n",
        "\n",
        "CREATE TABLE horario (\n",
        "    data_e_hora TIMESTAMP\n",
        ");"
      ]
    },
    {
      "cell_type": "markdown",
      "id": "f414377a",
      "metadata": {},
      "source": [
        "## Preenchimento da tabela auxiliar com os horários de 2024\n",
        "Preenchimento da tabela acessória que possui os horários possíveis a consultas em 2024 (para uso no exercício 3). Este preenchemento também se encontra no \"populate.sql\"."
      ]
    },
    {
      "cell_type": "code",
      "execution_count": null,
      "id": "4517313a",
      "metadata": {
        "vscode": {
          "languageId": "sql"
        }
      },
      "outputs": [],
      "source": [
        "%%sql\n",
        "\n",
        "INSERT INTO horario (data_e_hora)\n",
        "SELECT *\n",
        "-- Todos os dias/horas de 2024 entre dia 1 de janeiro às 8 e dia 31 de dezembro às 19\n",
        "FROM generate_series('2024-01-01 08:00:00'::TIMESTAMP, '2024-12-31 19:00:00'::TIMESTAMP, '30 minutes'::INTERVAL) AS valores_gerados\n",
        "-- Filtra para as horas serem 8..12 com minutos iguais a 0 ou 30\n",
        "WHERE (EXTRACT(HOUR FROM valores_gerados) BETWEEN 8 AND 12 AND (EXTRACT(MINUTE FROM valores_gerados) = 0 OR EXTRACT(MINUTE FROM valores_gerados) = 30))\n",
        "-- Filtra para as horas serem 14..18 com minutos iguais a 0 ou 30\n",
        "\tOR (EXTRACT(HOUR FROM valores_gerados) BETWEEN 14 AND 18 AND (EXTRACT(MINUTE FROM valores_gerados) = 0 OR EXTRACT(MINUTE FROM valores_gerados) = 30));"
      ]
    },
    {
      "cell_type": "markdown",
      "id": "9772880f-58f0-46c8-9670-737390210bb4",
      "metadata": {
        "tags": []
      },
      "source": [
        "## 1. Restrições de Integridade\n",
        "\n",
        "Apresente o código para implementar as seguintes restrições de integridade, se necessário, com recurso a extensões procedimentais SQL (Stored Procedures e Triggers):"
      ]
    },
    {
      "cell_type": "markdown",
      "id": "a0a92dd6-9093-4f4e-addf-591d83c466b3",
      "metadata": {},
      "source": [
        "(RI-1) Os horários das consultas são à hora exata ou meia-hora no horário 8-13h e 14-19h"
      ]
    },
    {
      "cell_type": "code",
      "execution_count": null,
      "id": "c422052c-0463-46ae-9be1-b6f6ed19d2b9",
      "metadata": {
        "tags": [],
        "vscode": {
          "languageId": "sql"
        }
      },
      "outputs": [],
      "source": [
        "%%sql\n",
        "-- (RI-1)\n",
        "\n",
        "ALTER TABLE consulta\n",
        "ADD CONSTRAINT horario_consulta_check\n",
        "CHECK (\n",
        "    (EXTRACT(HOUR FROM hora) BETWEEN 8 AND 12 OR EXTRACT(HOUR FROM hora) BETWEEN 14 AND 18) -- Se a hora está entre as 8 (inclusive) e 13 (exclusive) ou entre as 14 (inclusive) e 19 (exclusive)\n",
        "    AND (EXTRACT(MINUTE FROM hora) = 0 OR EXTRACT(MINUTE FROM hora) = 30) -- Se os minutos são 0 ou 30\n",
        ");\n"
      ]
    },
    {
      "cell_type": "markdown",
      "id": "e99193b5-fd48-4601-a226-34432074af53",
      "metadata": {},
      "source": [
        "(RI-2) Um médico não se pode consultar a si próprio, embora possa ser paciente de outros médicos no sistema"
      ]
    },
    {
      "cell_type": "code",
      "execution_count": null,
      "id": "188ec396-6e55-4fd3-b436-dcafe454f677",
      "metadata": {
        "tags": [],
        "vscode": {
          "languageId": "sql"
        }
      },
      "outputs": [],
      "source": [
        "%%sql\n",
        "-- (RI-2)\n",
        "\n",
        "CREATE OR REPLACE FUNCTION autoconsulta_check()\n",
        "RETURNS TRIGGER AS $$\n",
        "DECLARE\n",
        "    paciente_nif CHAR(9); -- irá armazenar o NIF do paciente.\n",
        "BEGIN\n",
        "    -- Procura o NIF do paciente e guarda-o\n",
        "    SELECT nif INTO paciente_nif\n",
        "    FROM paciente\n",
        "    WHERE ssn = NEW.ssn;\n",
        "\n",
        "    -- Verifica se o NIF do paciente é igual ao NIF do médico (i.e. se o médico se está a consultar a ele mesmo)\n",
        "    IF NEW.nif = paciente_nif THEN\n",
        "        RAISE EXCEPTION 'Um médico não se pode consultar a si mesmo.';\n",
        "    END IF;\n",
        "    \n",
        "    RETURN NEW;\n",
        "END;\n",
        "$$ LANGUAGE plpgsql;\n",
        "\n",
        "CREATE TRIGGER trigger_autoconsulta_check\n",
        "BEFORE INSERT OR UPDATE ON consulta\n",
        "FOR EACH ROW\n",
        "EXECUTE FUNCTION autoconsulta_check();\n"
      ]
    },
    {
      "cell_type": "markdown",
      "id": "7e659751-bbd0-475a-b36e-8d40d7d58a54",
      "metadata": {},
      "source": [
        "(RI-3) Um médico só pode dar consultas na clínica em que trabalha no dia da semana correspondente à data da consulta"
      ]
    },
    {
      "cell_type": "code",
      "execution_count": null,
      "id": "f2993b94-77a8-4b09-b522-f39021c55131",
      "metadata": {
        "tags": [],
        "vscode": {
          "languageId": "sql"
        }
      },
      "outputs": [],
      "source": [
        "%%sql\n",
        "-- (RI-3)\n",
        "\n",
        "CREATE OR REPLACE FUNCTION medico_trabalha_clinica_check() RETURNS TRIGGER AS $$\n",
        "BEGIN\n",
        "    -- Verifica se o médico inserido trabalha na clínica especificada no dia da semana da consulta\n",
        "    IF NEW.nif NOT IN (SELECT t.nif FROM trabalha t WHERE t.nome = NEW.nome AND t.dia_da_semana = EXTRACT(DOW FROM NEW.data)) THEN\n",
        "        RAISE EXCEPTION 'O médico com NIF % não trabalha na Clínica % no dia da semana %.', NEW.nif, NEW.nome, EXTRACT(DOW FROM NEW.data);\n",
        "    END IF;\n",
        "\n",
        "    RETURN NEW;\n",
        "END;\n",
        "$$ LANGUAGE plpgsql;\n",
        "\n",
        "CREATE TRIGGER trigger_medico_trabalha_clinica_check\n",
        "BEFORE INSERT OR UPDATE ON consulta\n",
        "FOR EACH ROW\n",
        "EXECUTE FUNCTION medico_trabalha_clinica_check();\n"
      ]
    },
    {
      "cell_type": "markdown",
      "id": "f2bc09cf-3927-4fcf-8412-53dafd113b9c",
      "metadata": {
        "tags": []
      },
      "source": [
        "## 2. Preenchimento da Base de Dados\n",
        "\n",
        "Preencha todas as tabelas da base de dados de forma consistente (após execução do ponto anterior) com os seguintes requisitos adicionais de cobertura:\n",
        "- 5 clínicas, de pelo menos 3 localidades diferentes do distrito de Lisboa\n",
        "- 5-6 enfermeiros por clínica\n",
        "- 20 médicos de especialidade ‘clínica geral’ e 40 outros distribuídos como entender por até 5 outras especialidades médicas (incluindo pelo menos, ‘ortopedia’ e ‘cardiologia’). Cada médico deve trabalhar em pelo menos duas clínicas, e em cada clínica a cada dia da semana (incluindo fins de semana), devem estar pelo menos 8 médicos\n",
        "- Cerca de 5.000 pacientes\n",
        "- Um número mínimo de consultas em 2023 e 2024 tais que cada paciente tem pelo menos uma consulta, e em cada dia há pelo menos 20 consultas por clínica, e pelo menos 2 consultas por médico\n",
        "- ~80% das consultas tem receita médica associada, e as receitas têm 1 a 6 medicamentos em quantidades entre 1 e 3\n",
        "- Todas as consultas têm 1 a 5 observações de sintomas (com parâmetro mas sem valor) e 0 a 3 observações métricas (com parâmetro e valor). Deve haver ~50 parâmetros diferentes para os sintomas (sem valor) e ~20 parâmetros diferentes para as observações métricas (com valor) e os dois conjuntos devem ser disjuntos. \n",
        "- Todas as moradas são nacionais e seguem o formato Português, terminando com código postal: XXXX-XXX e de seguida a localidade.\n",
        "Deve ainda garantir que todas as consultas necessárias para a realização dos pontos seguintes do projeto produzem um resultado não vazio.\n",
        "\n",
        "O código para preenchimento da base de dados deve ser compilado num ficheiro \"populate.sql\", anexado ao relatório, que contém com comandos INSERT ou alternativamente comandos COPY que populam as tabelas a partir de ficheiros de texto, também eles anexados ao relatório. "
      ]
    },
    {
      "cell_type": "markdown",
      "id": "37637f46-470f-431a-9833-4d8665176450",
      "metadata": {
        "tags": []
      },
      "source": [
        "## 3. Desenvolvimento de Aplicação\n",
        "\n",
        "Crie um protótipo de RESTful web service para gestão de consultas por acesso programático à base de dados ‘Saude’ através de uma API que devolve respostas em JSON, implementando os seguintes endpoints REST:\n",
        "\n",
        "|Endpoint|Descrição|\n",
        "|--------|---------|\n",
        "|/|Lista todas as clínicas (nome e morada).|\n",
        "|/c/\\<clinica>/|Lista todas as especialidades oferecidas na \\<clinica>.|\n",
        "|/c/\\<clinica>/\\<especialidade>/|Lista todos os médicos (nome) da \\<especialidade> que trabalham na <clínica> e os primeiros três horários disponíveis para consulta de cada um deles (data e hora).|\n",
        "|/a/\\<clinica>/registar/|Registra uma marcação de consulta na \\<clinica> na base de dados (populando a respectiva tabela). Recebe como argumentos um paciente, um médico, e uma data e hora (posteriores ao momento de agendamento).|\n",
        "|/a/\\<clinica>/cancelar/|Cancela uma marcação de consulta que ainda não se realizou na \\<clinica> (o seu horário é posterior ao momento do cancelamento), removendo a entrada da respectiva tabela na base de dados. Recebe como argumentos um paciente, um médico, e uma data e hora.|"
      ]
    },
    {
      "cell_type": "markdown",
      "id": "f861ee47-e72b-4633-8dac-b4728ed852b9",
      "metadata": {},
      "source": [
        "### Explicação da arquitetura da aplicação web, indicando a correspondência entre as funções app.py e os endpoints pedidos\n",
        "\n",
        "A nossa aplicação web consiste numa REST API, implementada com a biblioteca Flask, que contém rotas para todos os endpoints especificados no enunciado. A sua conexão com a base de dados PostgreSQL é realizada através da biblioteca psycopg por meio de um pool de conexões (psycopg_pool.ConnectionPool), o que garante que as conexões sejam reutilizadas e gerenciadas de forma eficiente.\n",
        "\n",
        "##### Endpoints e Funções Correspondentes:\n",
        "- `/`: Corresponde à função `list_clinics_endpoint()` que executa uma consulta SQL para listar todas as clínicas presentes na base de dados, retornando todos os seus nomes e moradas.\n",
        "\n",
        "- `/c/<clinica>/`: Corresponde à função `list_clinic_specialties_endpoint()` que executa uma consulta SQL para listar todas as especialidades oferecidas na clínica cujo nome foi especificado pelo endpoint.\n",
        "\n",
        "- `/c/<clinica>/<especialidade>/`: Corresponde à função `list_doctors_and_free_hours_endpoint()` que executa consultas SQL para obter a informação de quais médicos trabalham na clínica e, posteriormente, executa, para cada médico, uma consulta SQL que obtém os seus primeiros 3 horários livres futuros.\n",
        "\n",
        "- `/a/<clinica>/registar/`: Corresponde à função `book_appointment()` que faz 4 requests (o SSN do paciente, o NIF do médico, a data e a hora da consulta a marcar), verifica se os dados fornecidos são válidos e, posteriormente, executa uma transação de inserção na base de dados para registrar a consulta.\n",
        "\n",
        "- `/a/<clinica>/cancelar/`: Corresponde à função `remove_appointment()` que faz 4 requests (o SSN do paciente, o NIF do médico, a data e a hora da consulta a cancelar), verifica se os dados fornecidos são válidos e, posteriormente, executa uma transação para apagar da base de dados.\n",
        "\n",
        "##### Validação de Dados:\n",
        "Tanto a função `book_appointment()` como a `remove_appointment()` (as únicas que fazem requests) validam, de forma programática, os dados recebidos para garantir que estejam corretos e adequados antes de executar operações na base de dados. Desta forma, conseguimos informar detalhadamente o utilizador sobre qualquer erro nos argumentos introduzidos, permitindo-lhe corrigi-los.\n",
        "\n",
        "##### Tratamento de Erros:\n",
        "Além da validação inicial de erros, cada endpoint possui um tratamento de erros abrangente para lidar com exceções que possam ocorrer durante a execução das consultas SQL ou operações na base de dados, informando o utilizador sobre qualquer problema adicional que possa surgir.\n",
        "\n",
        "##### Prevenção de Injeções SQL:\n",
        "A nossa aplicação utiliza prepared statements nas suas consultas para prevenir ataques de injeção SQL ao utilizar os argumentos, o que é feito automaticamente pela função `execute(query, {'arg1': valor1, ...})` do psycopg.\n",
        "\n",
        "##### Transações:\n",
        "As partes cruciais em termos de modificação da base de dados que temos no nosso código são realizadas através de transações."
      ]
    },
    {
      "cell_type": "markdown",
      "id": "97f45cec-fe42-418a-b85d-c9e51807a42c",
      "metadata": {},
      "source": [
        "## 4. Vistas\n",
        "\n",
        "Crie uma vista materializada que detalhe as informações mais importantes sobre as consultas dos pacientes, combinando a informação de várias tabelas da base de dados. A vista deve ter o seguinte esquema:\n",
        "\n",
        "### *historial_paciente(id, ssn, nif, nome, data, ano, mes, dia_do_mes, localidade, especialidade, tipo, chave, valor)*\n",
        "\n",
        "em que:\n",
        "- *id, ssn, nif, nome* e *data*: correspondem ao atributos homónimos da tabela **consulta**\n",
        "- *ano*, *mes* e *dia_do_mes*: são derivados do atributo *data* da tabela **consulta**\n",
        "- *localidade*: é derivado do atributo *morada* da tabela **clinica**\n",
        "- *especialidade*: corresponde ao atributo homónimo da tabela **medico**\n",
        "- *tipo*: toma os valores ‘observacao’ ou ‘receita’ consoante o preenchimento dos campos seguintes\n",
        "- *chave*: corresponde ao atributo *parametro* da tabela **observacao** ou ao atributo *medicamento* da tabela **receita**\n",
        "- *valor*: corresponde ao atributo *valor* da tabela **observacao** ou ao atributo *quantidade* da tabela **receita**\n"
      ]
    },
    {
      "cell_type": "code",
      "execution_count": null,
      "id": "0bbb2226-5de4-4051-b4c0-9130bd4904f5",
      "metadata": {
        "tags": [],
        "vscode": {
          "languageId": "sql"
        }
      },
      "outputs": [],
      "source": [
        "%%sql\n",
        "\n",
        "CREATE MATERIALIZED VIEW historial_paciente AS (\n",
        "    -- CTE com a parte comum entre os dois selects abaixo (para evitar redundância)\n",
        "    WITH consulta_info AS ( \n",
        "        SELECT c.id, c.ssn, c.nif, c.nome, c.data,\n",
        "            EXTRACT(YEAR FROM c.data) AS ano,\n",
        "            EXTRACT(MONTH FROM c.data) AS mes,\n",
        "            EXTRACT(DAY FROM c.data) AS dia_do_mes,\n",
        "            -- Usa a parte da string que vem após o código postal como Localidade\n",
        "            substring(cl.morada FROM '\\s+[0-9]{4}-[0-9]{3}\\s+(.*)') AS localidade,\n",
        "            m.especialidade,\n",
        "            c.codigo_sns\n",
        "        FROM consulta c\n",
        "        JOIN clinica cl ON c.nome = cl.nome\n",
        "        JOIN medico m ON c.nif = m.nif\n",
        "    )\n",
        "    -- Parte correspondente às observações\n",
        "    SELECT c.id, c.ssn, c.nif, c.nome, c.data, c.ano, c.mes, c.dia_do_mes,\n",
        "        c.localidade, c.especialidade, 'observacao' AS tipo,  o.parametro AS chave, o.valor\n",
        "    FROM consulta_info c\n",
        "    JOIN observacao o ON c.id = o.id\n",
        "    WHERE o.parametro IS NOT NULL\n",
        "\n",
        "    UNION ALL -- Une as duas partes\n",
        "\n",
        "    -- Parte correspondente às receitas\n",
        "    SELECT c.id, c.ssn, c.nif, c.nome, c.data, c.ano, c.mes, c.dia_do_mes,\n",
        "        c.localidade, c.especialidade, 'receita' AS tipo, r.medicamento AS chave, r.quantidade AS valor\n",
        "    FROM consulta_info c\n",
        "    JOIN receita r ON c.codigo_sns = r.codigo_sns\n",
        "    WHERE r.medicamento IS NOT NULL\n",
        "    -- Apenas para melhor visualização (não necessário)\n",
        "    ORDER BY id\n",
        "); "
      ]
    },
    {
      "cell_type": "markdown",
      "id": "5dff0f43-90cc-4ab5-b874-c3fb24776728",
      "metadata": {},
      "source": [
        "## 5. Análise de Dados (SQL e OLAP)\n",
        "\n",
        "Usando a vista desenvolvida no ponto anterior, complementada com outras tabelas da base de dados ‘Saude’ quando necessário, apresente a consulta SQL mais sucinta para cada um dos seguintes objetivos analíticos. Pode usar as instruções ROLLUP, CUBE, GROUPING SETS ou as cláusulas UNION of GROUP BY para os objetivos em que lhe parecer adequado."
      ]
    },
    {
      "cell_type": "markdown",
      "id": "bd8d173c-e72f-4e89-8949-e2df3b7b07a3",
      "metadata": {},
      "source": [
        "1. Determinar que paciente(s) tiveram menos progresso no tratamento das suas doenças do foro ortopédico para atribuição de uma consulta gratuita. Considera-se que o indicador de falta de progresso é o intervalo temporal máximo entre duas observações do mesmo sintoma (i.e. registos de tipo ‘observacao’ com a mesma chave e com valor NULL) em consultas de ortopedia."
      ]
    },
    {
      "cell_type": "code",
      "execution_count": null,
      "id": "bf12ce01-15c0-4e7c-b329-576dd344ebf6",
      "metadata": {
        "tags": [],
        "vscode": {
          "languageId": "sql"
        }
      },
      "outputs": [],
      "source": [
        "%%sql\n",
        "-- Seleciona os ssn's dos pacientes com consultas de ortopedia, as suas datas e sintomas\n",
        "WITH historico_consultas_pacientes_ortopedia AS (\n",
        "    SELECT ssn, data, chave\n",
        "    FROM historial_paciente\n",
        "    WHERE especialidade = 'ortopedia' AND valor IS NULL\n",
        "),\n",
        "-- Seleciona os ssn's dos pacientes e os seus sintomas pela CTE acima, mais a menor e e a maior data onde registaram o sintoma\n",
        "intervalos_pacientes_ortopedia AS (\n",
        "    SELECT hpco1.ssn, hpco1.chave, MAX(hpco1.data) AS data_max, MIN(hpco2.data) AS data_min\n",
        "    FROM historico_consultas_pacientes_ortopedia hpco1\n",
        "    JOIN historico_consultas_pacientes_ortopedia hpco2 ON hpco1.ssn = hpco2.ssn\n",
        "    WHERE hpco1.chave = hpco2.chave\n",
        "    GROUP BY hpco1.ssn, hpco1.chave\n",
        ")\n",
        "-- Seleciona os ssn's dos pacientes cujo indicador de de falta de progresso é máximo para a oferta da consulta.\n",
        "SELECT ssn \n",
        "FROM intervalos_pacientes_ortopedia\n",
        "GROUP BY ssn, data_max, data_min\n",
        "-- Garante que o indicador (data maior - data menor) é o maior\n",
        "HAVING data_max - data_min >= ALL (SELECT data_max - data_min FROM intervalos_pacientes_ortopedia);\n"
      ]
    },
    {
      "cell_type": "markdown",
      "id": "a6f88296-429c-4c1c-9a7a-5cbe9cb65920",
      "metadata": {},
      "source": [
        "2. Determinar que medicamentos estão a ser usados para tratar doenças crónicas do foro cardiológico. Considera-se que qualificam quaisquer medicamentos receitados ao mesmo paciente (qualquer que ele seja) pelo menos uma vez por mês durante os últimos doze meses, em consultas de cardiologia."
      ]
    },
    {
      "cell_type": "code",
      "execution_count": null,
      "id": "7aac0901-02ad-4a40-964e-dc03430f8e77",
      "metadata": {
        "tags": [],
        "vscode": {
          "languageId": "sql"
        }
      },
      "outputs": [],
      "source": [
        "%%sql\n",
        "-- Seleciona os ssn's dos pacientes, medicamentos e mês de emissão das receitas de cardiologia no último ano\n",
        "WITH paciente_meses_cardiologia AS (\n",
        "\tSELECT hp.ssn, hp.chave, hp.mes\n",
        "\tFROM historial_paciente hp\n",
        "\tWHERE hp.especialidade = 'cardiologia' \n",
        "        AND hp.tipo = 'receita' \n",
        "        AND hp.data >= CURRENT_DATE - interval '1 year'\n",
        "\tGROUP BY hp.ssn, hp.chave, hp.mes\n",
        ")\n",
        "\n",
        "SELECT DISTINCT tp.chave\n",
        "FROM paciente_meses_cardiologia tp\n",
        "GROUP BY tp.ssn, tp.chave \n",
        "-- Verifica se o medicamento foi receitado ao paciente em 12 meses diferentes (ou seja, pelo menos 1 vez por cada mês há 1 ano)\n",
        "HAVING COUNT(DISTINCT tp.mes) = 12;"
      ]
    },
    {
      "cell_type": "markdown",
      "id": "26cc0735-b0b5-4aad-aeb7-7ce9e35e7fe7",
      "metadata": {},
      "source": [
        "3. Explorar as quantidades totais receitadas de cada medicamento em 2023, globalmente, e com drill down nas dimensões espaço (localidade > clinica), tempo (mes > dia_do_mes), e médico  (especialidade > nome \\[do médico]), separadamente."
      ]
    },
    {
      "cell_type": "code",
      "execution_count": null,
      "id": "e0375355-050c-4a7b-8e2c-72fbcf689ac0",
      "metadata": {
        "tags": [],
        "vscode": {
          "languageId": "sql"
        }
      },
      "outputs": [],
      "source": [
        "%%sql\n",
        "\n",
        "SELECT hp.chave AS medicamento, hp.localidade, hp.nome as nome_clinica,\n",
        "    hp.mes, hp.dia_do_mes, hp.especialidade, m.nome as nome_medico, SUM(valor) AS total\n",
        "FROM historial_paciente as hp\n",
        "JOIN medico as m ON m.nif = hp.nif\n",
        "WHERE hp.tipo = 'receita' AND hp.ano = 2023\n",
        "-- De forma global e depois Drill Down segundo as 3 dimensões SEPARADAMENTE\n",
        "GROUP BY GROUPING SETS(\n",
        "    (hp.chave), -- Para cada medicamento, globalmente\n",
        "    (hp.chave, hp.localidade), (hp.chave, hp.localidade, hp.nome), -- Pela dimensão espaço\n",
        "    (hp.chave, hp.mes), (hp.chave, hp.mes, hp.dia_do_mes), -- Pela dimensão tempo\n",
        "    (hp.chave, hp.especialidade), (hp.chave, hp.especialidade, m.nome) -- Pela dimensão médico\n",
        "); \n"
      ]
    },
    {
      "cell_type": "markdown",
      "id": "f71f79a7-425e-42a9-a9d3-fb59ebabf4d1",
      "metadata": {},
      "source": [
        "4. Determinar se há enviesamento na medição de algum parâmetros entre clínicas, especialidades médicas ou médicos, sendo para isso necessário listar o valor médio e desvio padrão de todos os parâmetros de observações métricas (i.e. com valor não NULL) com drill down na dimensão médico (globalmente > especialidade > nome \\[do médico]) e drill down adicional (sobre o anterior) por clínica."
      ]
    },
    {
      "cell_type": "code",
      "execution_count": null,
      "id": "9d38176f-b6b0-4e9f-b65b-99cbd2db9d97",
      "metadata": {
        "tags": [],
        "vscode": {
          "languageId": "sql"
        }
      },
      "outputs": [],
      "source": [
        "%%sql\n",
        "\n",
        "SELECT hp.especialidade, m.nome as nome_medico, hp.nome as nome_clinica,\n",
        "    AVG(hp.valor::numeric) AS valor_medio, STDDEV(hp.valor::numeric) AS desvio_padrao\n",
        "FROM historial_paciente hp\n",
        "JOIN medico m ON hp.nif = m.nif\n",
        "WHERE hp.tipo = 'observacao' AND hp.valor IS NOT NULL\n",
        "-- Drill Down sequencial, o primeiro entre global - especialidade - nome do medico e o segundo, que é aplicado ao primeiro, sobre a clinica\n",
        "GROUP BY ROLLUP(hp.especialidade, m.nome, hp.nome)\n",
        "ORDER BY hp.especialidade;"
      ]
    },
    {
      "cell_type": "markdown",
      "id": "5a75300b-51d0-4512-8b50-ffac98d66070",
      "metadata": {
        "tags": []
      },
      "source": [
        "## 6. Índices"
      ]
    },
    {
      "cell_type": "markdown",
      "id": "35f160cc-30e9-4381-9b3e-0d78ef421af8",
      "metadata": {
        "tags": []
      },
      "source": [
        "Apresente as instruções SQL para criação de índices para melhorar os tempos de cada uma das consultas listadas abaixo sobre a base de dados ‘Saude’. Justifique a sua escolha de tabela(s), atributo(s) e tipo(s) de índice, explicando que operações seriam otimizadas e como. Considere que não existam índices nas tabelas, além daqueles implícitos ao declarar chaves primárias e estrangeiras, e para efeitos deste exercício, suponha que o tamanho das tabelas excede a memória disponível em várias ordens de magnitude."
      ]
    },
    {
      "cell_type": "markdown",
      "id": "6e6e7eb2-c8ba-4d93-a31b-a2384d538fc0",
      "metadata": {},
      "source": [
        "### 6.1\n",
        "SELECT nome \n",
        "FROM paciente \n",
        "JOIN consulta USING (ssn) \n",
        "JOIN observacao USING (id) \n",
        "WHERE parametro = ‘pressão diastólica’ \n",
        "AND valor >= 9;"
      ]
    },
    {
      "cell_type": "code",
      "execution_count": null,
      "id": "e0f8ef0e-9280-447d-9688-3764228627aa",
      "metadata": {
        "tags": [],
        "vscode": {
          "languageId": "sql"
        }
      },
      "outputs": [],
      "source": [
        "%%sql\n",
        "CREATE INDEX idx_consulta_id_ssn ON consulta(id, ssn);\n",
        "CREATE INDEX idx_observacao_parametro_valor ON observacao(parametro, valor);"
      ]
    },
    {
      "cell_type": "markdown",
      "id": "b12768c7-efcc-4550-a7c1-7f8bbafd6409",
      "metadata": {},
      "source": [
        "### Justificação\n",
        "\n",
        "Na seleção dos índices, e conforme a questão colocada, é crucial escolher cuidadosamente os índices para tornar a consulta eficiente, evitando, no entanto, o uso excessivo de índices. Assim, para a primeira consulta, optamos por utilizar 2 índices.\n",
        "\n",
        "Iniciamos a análise pelo critério do WHERE. Neste caso, existe uma condição de filtragem para valor >= 9, o que se beneficiaria de um índice btree (devido ao operador <=). No entanto, também temos uma igualdade para o parâmetro = 'pressão diastólica', que poderia ser incluída no mesmo índice. Portanto, decidimos criar um índice composto com estas duas dimensões (valor e parâmetro). No índice, a ordem escolhida foi primeiro o parâmetro e em segundo o valor, pois na prática, o sistema de gestão de bases de dados pode filtrar inicialmente pela igualdade (acessando o primeiro nível do índice) e, posteriormente, através do segundo nível do índice, identificar o ponto de divisão da árvore onde o valor é >= 9.\n",
        "Por outro lado, ao examinarmos os JOIN's, decidimos criar um novo índice que facilitaria estas operações. Este índice é um índice btree (id, ssn), que permite a junção da tabela de observação com a tabela de consulta (usando o id) e onde, em seguida, o seu segundo nível facilita a junção dessas tabelas com os pacientes (usando o ssn).\n",
        "\n",
        "Além disso, a ordem deste índice também se beneficia do fato de que a seletividade dos id's das consultas (que são únicos) é maior do que a dos ssn's dos pacientes, já que é mais fácil encontrar uma consulta específica pelo id do que pelo ssn. Isso ocorre porque um ssn pode estar associado a várias consultas, enquanto cada id é único para uma consulta.\n",
        "\n",
        "Em termos de operações no PostgreSQL, onde estava inicialmente a ser realizado um index scan através consulta_pkey, este foi substituído por um index only scan pelo índice consulta(id, ssn), o que é extremamente eficiente. Além disso, o mesmo possibilitou a transição do parallel seq scan em observação com filtragem por valor (uma operação custosa) para um simples bitmap index em observação. Para finalizar, ajudou também na conversão de um parallel Seq Scan num Bitmap Heap Scan."
      ]
    },
    {
      "cell_type": "markdown",
      "id": "c6128112",
      "metadata": {},
      "source": [
        "```sql\n",
        "----------- EXPLAIN SEM ÍNDICES ------------\n",
        "Gather  (cost=5436.46..7488.33 rows=985 width=31) (actual time=43.569..78.911 rows=3158 loops=1)\n",
        "    Workers Planned: 1\n",
        "    Workers Launched: 1\n",
        "    -> Nested Loop (cost=4436.46..6389.83 rows=579 width=31) (actual time=23.989..51.613 rows=1579 loops=2)\n",
        "        -> Parallel Hash Join (cost=4436.17..6213.06 rows=579 width=12) (actual time=23.951..38.714 rows=1579 loops=2)\n",
        "                Hash Cond: (consulta.id = observacao.id)\n",
        "                -> Parallel Seq Scan on consulta (cost=0.00..1639.46 rows=52346 width=16) (actual time=0.009..6.013 rows=44495 loops=2)\n",
        "                -> Parallel Hash (cost=4428.94..4428.94 rows=579 width=4) (actual time=23.367..23.368 rows=1579 loops=2)\n",
        "                    Buckets: 4096 (originally 1024)  Batches: 1 (originally 1)  Memory Usage: 216kB\n",
        "                    -> Parallel Seq Scan on observacao (cost=0.00..4428.94 rows=579 width=4) (actual time=0.040..22.700 rows=1579 loops=2)\n",
        "                            Filter: ((valor >= '1'::double precision) AND ((parametro)::text = 'Ferro baixo'::text))\n",
        "                            Rows Removed by Filter: 140424\n",
        "        -> Index Scan using paciente_pkey on paciente (cost=0.28..0.31 rows=1 width=43) (actual time=0.007..0.007 rows=1 loops=3158)\n",
        "                Index Cond: (ssn = consulta.ssn)\n",
        "Planning Time: 0.821 ms\n",
        "Execution Time: 79.207 ms\n",
        "\n",
        "----------- EXPLAIN COM ÍNDICES ------------\n",
        "Hash Join  (cost=244.11..3783.35 rows=1051 width=31) (actual time=5.039..18.333 rows=3158 loops=1)\n",
        "    Hash Cond: (consulta.ssn = paciente.ssn)\n",
        "    -> Nested Loop (cost=35.61..3572.09 rows=1051 width=12) (actual time=1.522..13.313 rows=3158 loops=1)\n",
        "            -> Bitmap Heap Scan on observacao (cost=35.20..1730.90 rows=1051 width=4) (actual time=1.509..4.673 rows=3158 loops=1)\n",
        "               Recheck Cond: (((parametro)::text = 'Ferro baixo'::text) AND (valor >= '1'::double precision))\n",
        "               Heap Blocks: exact=1615\n",
        "                -> Bitmap Index Scan on idx_observacao_parametro_valor  (cost=0.00..34.93 rows=1051 width=0) (actual time=0.951..0.952 rows=3158 loops=1)\n",
        "                    Index Cond: (((parametro)::text = 'Ferro baixo'::text) AND (valor >= '1'::double precision))\n",
        "        -> Index Only Scan using idx_consulta_id_ssn on consulta (cost=0.42..1.75 rows=1 width=16) (actual time=0.002..0.002 rows=1 loops=3158)\n",
        "            Index Cond: (id = observacao.id)\n",
        "            Heap Fetches: 0\n",
        "    -> Hash  (cost=146.00..146.00 rows=5000 width=43) (actual time=3.504..3.505 rows=5000 loops=1)\n",
        "        Buckets: 8192 Batches: 1 Memory Usage: 431kB\n",
        "        ->  Seq Scan on paciente (cost=0.00..146.00 rows=5000 width=43) (actual time=0.007..1.187 rows=5000 loops=1)\n",
        "Planning Time: 0.796 ms\n",
        "Execution Time: 18.581 ms\n",
        " ```"
      ]
    },
    {
      "cell_type": "markdown",
      "id": "89f6cb2b-8425-42f8-810c-9c9e5797b686",
      "metadata": {},
      "source": [
        "### 6.2\n",
        "SELECT especialidade, SUM(quantidade) AS qtd\n",
        "FROM medico \n",
        "JOIN consulta USING (nif)\n",
        "JOIN receita USING (codigo_sns) \n",
        "WHERE data BETWEEN ‘2023-01-01’ AND ‘2023-12-31’ \n",
        "GROUP BY especialidade\n",
        "ORDER BY qtd;"
      ]
    },
    {
      "cell_type": "code",
      "execution_count": null,
      "id": "4153bbc3-9294-49f6-ab67-8972454bbc4b",
      "metadata": {
        "tags": [],
        "vscode": {
          "languageId": "sql"
        }
      },
      "outputs": [],
      "source": [
        "%%sql\n",
        "CREATE INDEX idx_consulta_data_codigo_sns_nif ON consulta(data, codigo_sns, nif);"
      ]
    },
    {
      "cell_type": "markdown",
      "id": "1af12988-e1f5-4a72-835d-9aba30d0ce88",
      "metadata": {},
      "source": [
        "### Justificação\n",
        "\n",
        "Dada a query apresentada, sabemas á partida que devemos usar B-Tree para os índice visto dada a condição da cláusula WHERE ser um BETWEEN (e, portanto, utiliza operações <= e >=).\n",
        "\n",
        "Pelo motivo acima, o nosso índice terá como primeiro elemento a data, pois este será o elemento que mais restringe a procura e, portanto, que beneficiaria mais de estar pesente no primeiro nível.\n",
        "\n",
        "Uma vez que esta query também tem dois JOIN's sobre as tabelas consulta e receita, adicionamos também as suas chaves na tabela pela seguinte ordem, codigo_sns e nif. Relativamente à ordem destes 2 últimos, a ordem entre eles, deve ser, a nosso ver, o codigo_sns deve estar antes do nif, pois possui maior seletividade comparativamente com o nif.\n",
        "\n",
        "Sendo que todos estes elementos estão presentes na tabela consulta, que é usada na query, o nosso índice vai então ser sobre essa tabela com a seguinte ordem (data, codigo_sns, nif).\n",
        "\n",
        "Em termos de operações do PostgreSQL, a única mudança significativa foi a conversão do Seq Scan na tabela consulta para um Index Only Scan, que é muito mais eficiente.\n",
        "\n",
        "Vale referir que, apesar de termos considerarmos outros índices, o efeito deles seria, no nosso ponto de vista, residual na maioria dos casos. Até porque, com a existência do SUM(quantidade) vai ter sempre que se percorrer a tabela correspondente."
      ]
    },
    {
      "cell_type": "markdown",
      "id": "c95b1ba4",
      "metadata": {},
      "source": [
        "```sql\n",
        "----------- EXPLAIN SEM ÍNDICES ------------\n",
        "Sort  (cost=4212.06..4212.07 rows=6 width=21) (actual time=67.315..67.320 rows=6 loops=1)\n",
        "    Sort Key: (sum(receita.quantidade))\n",
        "    Sort Method: quicksort  Memory: 25kB\n",
        "    -> HashAggregate (cost=4211.92..4211.98 rows=6 width=21) (actual time=67.304..67.310 rows=6 loops=1)\n",
        "        Group Key: medico.especialidade\n",
        "        Batches: 1 Memory Usage: 24kB\n",
        "        -> Hash Join  (cost=3008.30..4086.51 rows=25082 width=15) (actual time=28.049..58.312 rows=36500 loops=1)\n",
        "               Hash Cond: (consulta.nif = medico.nif)\n",
        "                -> Hash Join (cost=3004.95..4012.67 rows=25082 width=12) (actual time=27.981..48.646 rows=36500 loops=1)\n",
        "                    Hash Cond: ((receita.codigo_sns)::bpchar = consulta.codigo_sns)\n",
        "                    -> Seq Scan on receita  (cost=0.00..875.53 rows=50353 width=15) (actual time=0.005..4.469 rows=50353 loops=1)\n",
        "                    -> Hash (cost=2450.85..2450.85 rows=44328 width=23) (actual time=27.921..27.922 rows=44437 loops=1)\n",
        "                           Buckets: 65536 Batches: 1 Memory Usage: 2899kB\n",
        "                            -> Seq Scan on consulta (cost=0.00..2450.85 rows=44328 width=23) (actual time=0.006..14.462 rows=44437 loops=1)\n",
        "                                Filter: ((data >= '2023-01-01'::date) AND (data <= '2023-12-31'::date))\n",
        "                                Rows Removed by Filter: 44553\n",
        "                -> Hash (cost=2.60..2.60 rows=60 width=23) (actual time=0.061..0.062 rows=60 loops=1)\n",
        "                    Buckets: 1024 Batches: 1 Memory Usage: 12kB\n",
        "                    -> Seq Scan on medico (cost=0.00..2.60 rows=60 width=23) (actual time=0.011..0.028 rows=60 loops=1)\n",
        "Planning Time: 0.933 ms\n",
        "Execution Time: 67.388 ms\n",
        "\n",
        "----------- EXPLAIN COM ÍNDICES ------------\n",
        "Sort (cost=3607.74..3607.75 rows=6 width=21) (actual time=58.277..58.281 rows=6 loops=1)\n",
        "   Sort Key: (sum(receita.quantidade))\n",
        "   Sort Method: quicksort  Memory: 25kB\n",
        "    -> HashAggregate (cost=3607.60..3607.66 rows=6 width=21) (actual time=58.265..58.270 rows=6 loops=1)\n",
        "        Group Key: medico.especialidade\n",
        "        Batches: 1 Memory Usage: 24kB\n",
        "        -> Hash Join (cost=2403.77..3482.05 rows=25110 width=15) (actual time=23.104..50.139 rows=36500 loops=1)\n",
        "               Hash Cond: (consulta.nif = medico.nif)\n",
        "               -> Hash Join (cost=2400.42..3408.14 rows=25110 width=12) (actual time=23.038..41.433 rows=36500 loops=1)\n",
        "                    Hash Cond: ((receita.codigo_sns)::bpchar = consulta.codigo_sns)\n",
        "                    -> Seq Scan on receita (cost=0.00..875.53 rows=50353 width=15) (actual time=0.004..4.094 rows=50353 loops=1)\n",
        "                    -> Hash (cost=1845.71..1845.71 rows=44377 width=23) (actual time=22.978..22.979 rows=44437 loops=1)\n",
        "                           Buckets: 65536 Batches: 1 Memory Usage: 2899kB\n",
        "                           -> Index Only Scan using idx_consulta_data_codigo_sns_nif on consulta (cost=0.42..1845.71 rows=44377 width=23) (actual time=0.028..8.822 rows=44437 loops=1)\n",
        "                                Index Cond: ((data >= '2023-01-01'::date) AND (data <= '2023-12-31'::date))\n",
        "                                Heap Fetches: 0\n",
        "               -> Hash (cost=2.60..2.60 rows=60 width=23) (actual time=0.060..0.061 rows=60 loops=1)\n",
        "                    Buckets: 1024 Batches: 1 Memory Usage: 12kB\n",
        "                    -> Seq Scan on medico (cost=0.00..2.60 rows=60 width=23) (actual time=0.011..0.027 rows=60 loops=1)\n",
        "Planning Time: 0.930 ms\n",
        "Execution Time: 58.353 ms\n",
        "```"
      ]
    }
  ],
  "metadata": {
    "kernelspec": {
      "display_name": "Python 3",
      "language": "python",
      "name": "python3"
    },
    "language_info": {
      "codemirror_mode": {
        "name": "python",
        "version": 3
      },
      "file_extension": ".py",
      "mimetype": "text/x-python",
      "name": "python",
      "nbconvert_exporter": "python",
      "pygments_lexer": "ipython3",
      "version": "3.8.2"
    }
  },
  "nbformat": 4,
  "nbformat_minor": 5
}
